water_log_app/build/app/outputs/mapping/release/mapping.txt
# compiler: R8
# compiler_version: 3.0.69
# min_api: 21
# pg_map_id: d16aeae
# common_typos_disable
...
com.google.android.gms.internal.firebase-auth-api.zzul -> com.google.android.gms.internal.firebase-auth-api.gm:
    java.lang.String zzg -> f
    com.google.android.gms.internal.firebase-auth-api.zzub zzb -> a
    com.google.android.gms.internal.firebase-auth-api.zzuc zzc -> b
    com.google.android.gms.internal.firebase-auth-api.zzve zzd -> c
    com.google.android.gms.internal.firebase-auth-api.zzuk zze -> d
    android.content.Context zzf -> e
    com.google.android.gms.internal.firebase-auth-api.zzum zza -> g
    void zza(com.google.android.gms.internal.firebase-auth-api.zzvu,com.google.android.gms.internal.firebase-auth-api.zzuz) -> a
    void zzb(com.google.android.gms.internal.firebase-auth-api.zzvx,com.google.android.gms.internal.firebase-auth-api.zzuz) -> b
    void zzc(com.google.android.gms.internal.firebase-auth-api.zzvy,com.google.android.gms.internal.firebase-auth-api.zzuz) -> c
    void zzd(android.content.Context,com.google.android.gms.internal.firebase-auth-api.zzwa,com.google.android.gms.internal.firebase-auth-api.zzuz) -> d
    void zze(android.content.Context,com.google.android.gms.internal.firebase-auth-api.zzwc,com.google.android.gms.internal.firebase-auth-api.zzuz) -> e
    void zzf(com.google.android.gms.internal.firebase-auth-api.zzwf,com.google.android.gms.internal.firebase-auth-api.zzuz) -> f
    void zzg(com.google.android.gms.internal.firebase-auth-api.zzwg,com.google.android.gms.internal.firebase-auth-api.zzuz) -> g
    void zzi() -> h
com.google.android.gms.internal.firebase-auth-api.zzum -> com.google.android.gms.internal.firebase-auth-api.hm:
    android.content.Context zza -> a
    com.google.android.gms.internal.firebase-auth-api.zzvc zzb -> b
    java.lang.String zzc -> c
    java.lang.String zze -> e
    boolean zzd -> d
    void zza(java.net.URLConnection) -> a
    void zzb(java.lang.String) -> b
    void zzc(java.lang.String) -> c
com.google.android.gms.internal.firebase-auth-api.zzun -> com.google.android.gms.internal.firebase-auth-api.im:
    java.lang.String zza() -> a
    void zzb(java.lang.StringBuilder,java.util.Locale) -> b
com.google.android.gms.internal.firebase-auth-api.zzuo -> com.google.android.gms.internal.firebase-auth-api.jm:
    java.util.List zza -> k
    void onStop() -> k
    void zza(android.app.Activity,java.util.List) -> l
com.google.android.gms.internal.firebase-auth-api.zzup -> com.google.android.gms.internal.firebase-auth-api.km:
    java.lang.String zza -> a
    void zza(com.google.firebase.auth.PhoneAuthProvider$OnVerificationStateChangedCallbacks,java.lang.Object[]) -> a
com.google.android.gms.internal.firebase-auth-api.zzuq -> com.google.android.gms.internal.firebase-auth-api.lm:
    com.google.firebase.auth.PhoneAuthCredential zza -> a
    void zza(com.google.firebase.auth.PhoneAuthProvider$OnVerificationStateChangedCallbacks,java.lang.Object[]) -> a
com.google.android.gms.internal.firebase-auth-api.zzur -> com.google.android.gms.internal.firebase-auth-api.mm:
    java.lang.String zza -> a
    void zza(com.google.firebase.auth.PhoneAuthProvider$OnVerificationStateChangedCallbacks,java.lang.Object[]) -> a
com.google.android.gms.internal.firebase-auth-api.zzus -> com.google.android.gms.internal.firebase-auth-api.nm:
    com.google.android.gms.common.api.Status zza -> a
    void zza(com.google.firebase.auth.PhoneAuthProvider$OnVerificationStateChangedCallbacks,java.lang.Object[]) -> a
com.google.android.gms.internal.firebase-auth-api.zzut -> com.google.android.gms.internal.firebase-auth-api.om:
    com.google.android.gms.internal.firebase-auth-api.zzuv zza -> j
    com.google.android.gms.internal.firebase-auth-api.zzuu zzb -> k