water_log_app/build/app/outputs/mapping/release/usage.txt
water.log.capping.water_log_app.BuildConfig
water.log.capping.water_log_app.R$attr
water.log.capping.water_log_app.R$color
water.log.capping.water_log_app.R$dimen
water.log.capping.water_log_app.R$drawable
water.log.capping.water_log_app.R$id
water.log.capping.water_log_app.R$integer
water.log.capping.water_log_app.R$layout
water.log.capping.water_log_app.R$mipmap
water.log.capping.water_log_app.R$string
water.log.capping.water_log_app.R$style
water.log.capping.water_log_app.R$styleable
water.log.capping.water_log_app.R
...
androidx.slidingpanelayout.R$integer
androidx.slidingpanelayout.R$layout
androidx.slidingpanelayout.R$string
androidx.slidingpanelayout.R$style
androidx.slidingpanelayout.R$styleable
androidx.slidingpanelayout.R
androidx.slidingpanelayout.widget.SlidingPaneLayout$AccessibilityDelegate
androidx.slidingpanelayout.widget.SlidingPaneLayout$DisableLayerRunnable
androidx.slidingpanelayout.widget.SlidingPaneLayout$DragHelperCallback
androidx.slidingpanelayout.widget.SlidingPaneLayout$LayoutParams
androidx.slidingpanelayout.widget.SlidingPaneLayout$PanelSlideListener
androidx.slidingpanelayout.widget.SlidingPaneLayout$SavedState$1
androidx.slidingpanelayout.widget.SlidingPaneLayout$SavedState
androidx.slidingpanelayout.widget.SlidingPaneLayout$SimplePanelSlideListener
androidx.slidingpanelayout.widget.SlidingPaneLayout
androidx.swiperefreshlayout.R$attr
androidx.swiperefreshlayout.R$color
androidx.swiperefreshlayout.R$dimen
androidx.swiperefreshlayout.R$drawable
androidx.swiperefreshlayout.R$id
androidx.swiperefreshlayout.R$integer
androidx.swiperefreshlayout.R$layout
androidx.swiperefreshlayout.R$string
androidx.swiperefreshlayout.R$style
androidx.swiperefreshlayout.R$styleable
androidx.swiperefreshlayout.R
androidx.swiperefreshlayout.widget.CircleImageView$OvalShadow
androidx.swiperefreshlayout.widget.CircleImageView
androidx.swiperefreshlayout.widget.CircularProgressDrawable$1
androidx.swiperefreshlayout.widget.CircularProgressDrawable$2
androidx.swiperefreshlayout.widget.CircularProgressDrawable$ProgressDrawableSize
androidx.swiperefreshlayout.widget.CircularProgressDrawable$Ring
androidx.swiperefreshlayout.widget.CircularProgressDrawable
androidx.swiperefreshlayout.widget.SwipeRefreshLayout$1
androidx.swiperefreshlayout.widget.SwipeRefreshLayout$2
androidx.swiperefreshlayout.widget.SwipeRefreshLayout$3
androidx.swiperefreshlayout.widget.SwipeRefreshLayout$4
androidx.swiperefreshlayout.widget.SwipeRefreshLayout$5
androidx.swiperefreshlayout.widget.SwipeRefreshLayout$6
androidx.swiperefreshlayout.widget.SwipeRefreshLayout$7
androidx.swiperefreshlayout.widget.SwipeRefreshLayout$8
androidx.swiperefreshlayout.widget.SwipeRefreshLayout$OnChildScrollUpCallback
androidx.swiperefreshlayout.widget.SwipeRefreshLayout$OnRefreshListener
androidx.swiperefreshlayout.widget.SwipeRefreshLayout
androidx.versionedparcelable.CustomVersionedParcelable:
    public void onPostParceling()
    public void onPreParceling(boolean)
androidx.versionedparcelable.NonParcelField
androidx.versionedparcelable.ParcelField
androidx.versionedparcelable.ParcelImpl:
    public void <init>(androidx.versionedparcelable.VersionedParcelable)
    public androidx.versionedparcelable.VersionedParcelable getVersionedParcel()
androidx.versionedparcelable.ParcelUtils
androidx.versionedparcelable.R
androidx.versionedparcelable.VersionedParcel$1
androidx.versionedparcelable.VersionedParcel$ParcelException